2026.03.05 15:10:19 INFO  Started: Metals version 1.6.5 in folders '/home/arthurj/random/leetcode/3bit-computer' for client Neovim 0.11.5.[0m
2026.03.05 15:10:19 INFO  Memory monitor started[0m
2026.03.05 15:10:19 WARN  Using H2 2.4.240 which is newer than the version Flyway has been verified with. The latest verified version of H2 is 2.3.232.[0m
2026.03.05 15:10:19 INFO  no build target found for /home/arthurj/random/leetcode/3bit-computer/build.sbt. Using presentation compiler with project's scala-library version: 3.3.7[0m
2026.03.05 15:10:19 INFO  no build target found for /home/arthurj/random/leetcode/3bit-computer/build.sbt. Using presentation compiler with project's scala-library version: 3.3.7[0m
2026.03.05 15:10:20 INFO  no build target found for /home/arthurj/random/leetcode/3bit-computer/build.sbt. Using presentation compiler with project's scala-library version: 3.3.7[0m
2026.03.05 15:10:20 INFO  no build target found for /home/arthurj/random/leetcode/3bit-computer/build.sbt. Using presentation compiler with project's scala-library version: 3.3.7[0m
Mar 05, 2026 3:10:20 PM org.eclipse.lsp4j.jsonrpc.RemoteEndpoint handleCancellation
WARNING: Unmatched cancel notification for request id 2
2026.03.05 15:10:20 INFO  no build target found for /home/arthurj/random/leetcode/3bit-computer/build.sbt. Using presentation compiler with project's scala-library version: 3.3.7[0m
2026.03.05 15:10:20 WARN  Could not find semantic tokens for: file:///home/arthurj/random/leetcode/3bit-computer/build.sbt[0m
2026.03.05 15:10:22 INFO  no build target found for /home/arthurj/random/leetcode/3bit-computer/build.sbt. Using presentation compiler with project's scala-library version: 3.3.7[0m
2026.03.05 15:10:22 INFO  running '/home/arthurj/.local/share/coursier/bin/sbt -Dbloop.export-jar-classifiers=sources bloopInstall'[0m
2026.03.05 15:10:22 INFO  no build target found for /home/arthurj/random/leetcode/3bit-computer/build.sbt. Using presentation compiler with project's scala-library version: 3.3.7[0m
2026.03.05 15:10:22 INFO  no build target found for /home/arthurj/random/leetcode/3bit-computer/build.sbt. Using presentation compiler with project's scala-library version: 3.3.7[0m
2026.03.05 15:10:22 INFO  no build target found for /home/arthurj/random/leetcode/3bit-computer/build.sbt. Using presentation compiler with project's scala-library version: 3.3.7[0m
2026.03.05 15:10:22 WARN  Could not find semantic tokens for: file:///home/arthurj/random/leetcode/3bit-computer/build.sbt[0m
2026.03.05 15:10:23 INFO  [info] Updated file /home/arthurj/random/leetcode/3bit-computer/project/build.properties: set sbt.version to 1.12.0[0m
2026.03.05 15:10:23 INFO  [info] welcome to sbt 1.12.0 (Red Hat, Inc. Java 21.0.10)[0m
2026.03.05 15:10:23 INFO  no build target found for /home/arthurj/random/leetcode/3bit-computer/build.sbt. Using presentation compiler with project's scala-library version: 3.3.7[0m
2026.03.05 15:10:23 INFO  no build target found for /home/arthurj/random/leetcode/3bit-computer/build.sbt. Using presentation compiler with project's scala-library version: 3.3.7[0m
2026.03.05 15:10:23 INFO  no build target found for /home/arthurj/random/leetcode/3bit-computer/build.sbt. Using presentation compiler with project's scala-library version: 3.3.7[0m
2026.03.05 15:10:23 INFO  no build target found for /home/arthurj/random/leetcode/3bit-computer/build.sbt. Using presentation compiler with project's scala-library version: 3.3.7[0m
2026.03.05 15:10:23 WARN  Could not find semantic tokens for: file:///home/arthurj/random/leetcode/3bit-computer/build.sbt[0m
2026.03.05 15:10:23 INFO  no build target found for /home/arthurj/random/leetcode/3bit-computer/build.sbt. Using presentation compiler with project's scala-library version: 3.3.7[0m
2026.03.05 15:10:23 INFO  no build target found for /home/arthurj/random/leetcode/3bit-computer/build.sbt. Using presentation compiler with project's scala-library version: 3.3.7[0m
2026.03.05 15:10:23 INFO  no build target found for /home/arthurj/random/leetcode/3bit-computer/build.sbt. Using presentation compiler with project's scala-library version: 3.3.7[0m
2026.03.05 15:10:24 INFO  no build target found for /home/arthurj/random/leetcode/3bit-computer/build.sbt. Using presentation compiler with project's scala-library version: 3.3.7[0m
2026.03.05 15:10:24 WARN  Could not find semantic tokens for: file:///home/arthurj/random/leetcode/3bit-computer/build.sbt[0m
2026.03.05 15:10:24 INFO  [info] loading settings for project root-3bit-computer-build-build from metals.sbt...[0m
2026.03.05 15:10:24 INFO  [info] loading project definition from /home/arthurj/random/leetcode/3bit-computer/project/project[0m
2026.03.05 15:10:25 INFO  no build target found for /home/arthurj/random/leetcode/3bit-computer/build.sbt. Using presentation compiler with project's scala-library version: 3.3.7[0m
2026.03.05 15:10:25 INFO  no build target found for /home/arthurj/random/leetcode/3bit-computer/build.sbt. Using presentation compiler with project's scala-library version: 3.3.7[0m
2026.03.05 15:10:26 INFO  [info] loading settings for project root-3bit-computer-build from metals.sbt...[0m
2026.03.05 15:10:26 INFO  [info] loading project definition from /home/arthurj/random/leetcode/3bit-computer/project[0m
2026.03.05 15:10:27 INFO  [success] Generated .bloop/root-3bit-computer-build.json[0m
2026.03.05 15:10:27 INFO  [success] Total time: 1 s, completed Mar 5, 2026, 3:10:27 PM[0m
2026.03.05 15:10:27 INFO  [info] loading settings for project root-3bit-computer from build.sbt...[0m
2026.03.05 15:10:27 INFO  [info] set current project to 3bit-computer (in build file:/home/arthurj/random/leetcode/3bit-computer/)[0m
2026.03.05 15:10:27 INFO  [success] Generated .bloop/root-3bit-computer.json[0m
2026.03.05 15:10:27 INFO  [success] Generated .bloop/root-3bit-computer-test.json[0m
2026.03.05 15:10:27 INFO  [success] Total time: 0 s, completed Mar 5, 2026, 3:10:27 PM[0m
2026.03.05 15:10:28 WARN  no build target for: /home/arthurj/random/leetcode/3bit-computer/build.sbt[0m
2026.03.05 15:10:28 INFO  no build target found for /home/arthurj/random/leetcode/3bit-computer/build.sbt. Using presentation compiler with project's scala-library version: 3.3.7[0m
2026.03.05 15:10:28 INFO  no build target found for /home/arthurj/random/leetcode/3bit-computer/build.sbt. Using presentation compiler with project's scala-library version: 3.3.7[0m
2026.03.05 15:10:28 WARN  Could not find semantic tokens for: file:///home/arthurj/random/leetcode/3bit-computer/build.sbt[0m
2026.03.05 15:10:28 INFO  time: ran 'sbt bloopInstall' in 5.52s[0m
2026.03.05 15:10:28 INFO  Attempting to connect to the build server...[0m
2026.03.05 15:10:28 INFO  Found a Bloop server running[0m
2026.03.05 15:10:28 INFO  tracing is disabled for protocol BSP, to enable tracing of incoming and outgoing JSON messages create an empty file at /home/arthurj/random/leetcode/3bit-computer/.metals/bsp.trace.json or /home/arthurj/.cache/metals/bsp.trace.json[0m
2026.03.05 15:10:28 INFO  Attempting to connect to the build server...[0m
2026.03.05 15:10:28 INFO  Found a Bloop server running[0m
2026.03.05 15:10:28 INFO  tracing is disabled for protocol BSP, to enable tracing of incoming and outgoing JSON messages create an empty file at /home/arthurj/random/leetcode/3bit-computer/project/.metals/bsp.trace.json or /home/arthurj/.cache/metals/bsp.trace.json[0m
2026.03.05 15:10:28 INFO  time: Connected to build server in 0.31s[0m
2026.03.05 15:10:28 INFO  Connected to Build server: Bloop v2.0.17[0m
2026.03.05 15:10:28 WARN  3.3.1 is no longer supported in the current Metals versions, using the last known supported version 1.5.1[0m
2026.03.05 15:10:29 WARN  Could not find java sources in /usr/lib/jvm/src.zip, /usr/lib/jvm/lib/src.zip, /usr/lib/jvm/java-21-openjdk/src.zip, /usr/lib/jvm/java-21-openjdk/lib/src.zip, /usr/lib/jvm/src.zip, /usr/lib/jvm/lib/src.zip, /usr/lib/jvm/java-21-openjdk/src.zip, /usr/lib/jvm/java-21-openjdk/lib/src.zip. Java symbols will not be available.[0m
2026.03.05 15:10:32 INFO  time: indexed workspace in 3.84s[0m
2026.03.05 15:11:12 INFO  compiling root-3bit-computer (3 scala sources)[0m
2026.03.05 15:11:12 INFO  time: compiled root-3bit-computer in 0.59s[0m
2026.03.05 15:11:13 WARN  Could not find semantic tokens for: file:///home/arthurj/random/leetcode/3bit-computer/Syntax.scala[0m
2026.03.05 15:11:14 WARN  Could not find semantic tokens for: file:///home/arthurj/random/leetcode/3bit-computer/Syntax.scala[0m
2026.03.05 15:11:15 WARN  Could not find semantic tokens for: file:///home/arthurj/random/leetcode/3bit-computer/Syntax.scala[0m
2026.03.05 15:11:18 WARN  Could not find semantic tokens for: file:///home/arthurj/random/leetcode/3bit-computer/Syntax.scala[0m
2026.03.05 15:11:19 WARN  Could not find semantic tokens for: file:///home/arthurj/random/leetcode/3bit-computer/Syntax.scala[0m
2026.03.05 15:11:20 WARN  Could not find semantic tokens for: file:///home/arthurj/random/leetcode/3bit-computer/Syntax.scala[0m
2026.03.05 15:11:59 INFO  skipping build import with status 'Installed'[0m
2026.03.05 15:11:59 INFO  compiling root-3bit-computer (1 scala source)[0m
2026.03.05 15:11:59 INFO  time: compiled root-3bit-computer in 0.23s[0m
2026.03.05 15:12:23 INFO  compiling root-3bit-computer (1 scala source)[0m
2026.03.05 15:12:23 INFO  skipping build import with status 'Installed'[0m
2026.03.05 15:12:23 INFO  time: compiled root-3bit-computer in 60ms[0m
2026.03.05 15:12:23 INFO  compiling root-3bit-computer (1 scala source)[0m
2026.03.05 15:12:23 INFO  time: compiled root-3bit-computer in 50ms[0m
Mar 05, 2026 3:12:24 PM org.eclipse.lsp4j.jsonrpc.RemoteEndpoint handleCancellation
WARNING: Unmatched cancel notification for request id 231
2026.03.05 15:12:25 INFO  compiling root-3bit-computer (1 scala source)[0m
2026.03.05 15:12:25 INFO  time: compiled root-3bit-computer in 77ms[0m
Mar 05, 2026 3:12:26 PM org.eclipse.lsp4j.jsonrpc.RemoteEndpoint handleCancellation
WARNING: Unmatched cancel notification for request id 238
2026.03.05 15:12:44 INFO  skipping build import with status 'Installed'[0m
2026.03.05 15:12:44 INFO  compiling root-3bit-computer (1 scala source)[0m
2026.03.05 15:12:44 INFO  time: compiled root-3bit-computer in 46ms[0m
Mar 05, 2026 3:12:44 PM org.eclipse.lsp4j.jsonrpc.RemoteEndpoint handleCancellation
WARNING: Unmatched cancel notification for request id 343
2026.03.05 15:12:44 INFO  compiling root-3bit-computer (1 scala source)[0m
2026.03.05 15:12:44 INFO  time: compiled root-3bit-computer in 80ms[0m
Mar 05, 2026 3:12:45 PM org.eclipse.lsp4j.jsonrpc.RemoteEndpoint handleCancellation
WARNING: Unmatched cancel notification for request id 350
Mar 05, 2026 3:12:47 PM org.eclipse.lsp4j.jsonrpc.RemoteEndpoint handleCancellation
WARNING: Unmatched cancel notification for request id 356
Mar 05, 2026 3:12:52 PM org.eclipse.lsp4j.jsonrpc.RemoteEndpoint handleCancellation
WARNING: Unmatched cancel notification for request id 389
2026.03.05 15:12:54 INFO  skipping build import with status 'Installed'[0m
2026.03.05 15:12:54 INFO  compiling root-3bit-computer (1 scala source)[0m
Mar 05, 2026 3:12:54 PM org.eclipse.lsp4j.jsonrpc.RemoteEndpoint handleCancellation
WARNING: Unmatched cancel notification for request id 406
2026.03.05 15:12:54 INFO  time: compiled root-3bit-computer in 88ms[0m
2026.03.05 15:12:54 INFO  compiling root-3bit-computer (1 scala source)[0m
2026.03.05 15:12:54 INFO  time: compiled root-3bit-computer in 80ms[0m
Mar 05, 2026 3:13:00 PM org.eclipse.lsp4j.jsonrpc.RemoteEndpoint handleCancellation
WARNING: Unmatched cancel notification for request id 423
2026.03.05 15:13:03 INFO  skipping build import with status 'Installed'[0m
2026.03.05 15:13:03 INFO  compiling root-3bit-computer (1 scala source)[0m
Mar 05, 2026 3:13:03 PM org.eclipse.lsp4j.jsonrpc.RemoteEndpoint handleCancellation
WARNING: Unmatched cancel notification for request id 440
2026.03.05 15:13:03 INFO  time: compiled root-3bit-computer in 0.1s[0m
2026.03.05 15:13:03 INFO  compiling root-3bit-computer (1 scala source)[0m
2026.03.05 15:13:03 INFO  time: compiled root-3bit-computer in 98ms[0m
Mar 05, 2026 3:13:10 PM org.eclipse.lsp4j.jsonrpc.RemoteEndpoint handleCancellation
WARNING: Unmatched cancel notification for request id 458
Mar 05, 2026 3:13:10 PM org.eclipse.lsp4j.jsonrpc.RemoteEndpoint handleCancellation
WARNING: Unmatched cancel notification for request id 459
Mar 05, 2026 3:13:11 PM org.eclipse.lsp4j.jsonrpc.RemoteEndpoint handleCancellation
WARNING: Unmatched cancel notification for request id 471
Mar 05, 2026 3:13:12 PM org.eclipse.lsp4j.jsonrpc.RemoteEndpoint handleCancellation
WARNING: Unmatched cancel notification for request id 474
Mar 05, 2026 3:13:21 PM org.eclipse.lsp4j.jsonrpc.RemoteEndpoint handleCancellation
WARNING: Unmatched cancel notification for request id 490
Mar 05, 2026 3:13:51 PM org.eclipse.lsp4j.jsonrpc.RemoteEndpoint handleCancellation
WARNING: Unmatched cancel notification for request id 536
2026.03.05 15:13:52 INFO  skipping build import with status 'Installed'[0m
2026.03.05 15:13:52 INFO  Created report: Optional[file:///home/arthurj/random/leetcode/3bit-computer/file:/home/arthurj/random/leetcode/3bit-computer/Syntax.scala][0m
2026.03.05 15:13:52 INFO  expected identifier; obtained eof (full report at: "/home/arthurj/random/leetcode/3bit-computer/.metals/.reports/metals/2026-03-05/r_scala-toplevel-mtags_15-13-52-972.md")[0m
2026.03.05 15:13:52 INFO  compiling root-3bit-computer (1 scala source)[0m
2026.03.05 15:13:52 INFO  time: compiled root-3bit-computer in 0.1s[0m
Mar 05, 2026 3:13:55 PM org.eclipse.lsp4j.jsonrpc.RemoteEndpoint handleCancellation
WARNING: Unmatched cancel notification for request id 551
2026.03.05 15:13:55 INFO  compiling root-3bit-computer (1 scala source)[0m
2026.03.05 15:13:55 INFO  time: compiled root-3bit-computer in 61ms[0m
Mar 05, 2026 3:13:56 PM org.eclipse.lsp4j.jsonrpc.RemoteEndpoint handleCancellation
WARNING: Unmatched cancel notification for request id 566
Mar 05, 2026 3:13:56 PM org.eclipse.lsp4j.jsonrpc.RemoteEndpoint handleCancellation
WARNING: Unmatched cancel notification for request id 568
Mar 05, 2026 3:13:57 PM org.eclipse.lsp4j.jsonrpc.RemoteEndpoint handleCancellation
WARNING: Unmatched cancel notification for request id 573
Mar 05, 2026 3:13:59 PM org.eclipse.lsp4j.jsonrpc.RemoteEndpoint handleCancellation
WARNING: Unmatched cancel notification for request id 581
Mar 05, 2026 3:13:59 PM org.eclipse.lsp4j.jsonrpc.RemoteEndpoint handleCancellation
WARNING: Unmatched cancel notification for request id 585
Mar 05, 2026 3:14:01 PM org.eclipse.lsp4j.jsonrpc.RemoteEndpoint handleCancellation
WARNING: Unmatched cancel notification for request id 592
Mar 05, 2026 3:14:02 PM org.eclipse.lsp4j.jsonrpc.RemoteEndpoint handleCancellation
WARNING: Unmatched cancel notification for request id 600
Mar 05, 2026 3:14:04 PM org.eclipse.lsp4j.jsonrpc.RemoteEndpoint handleCancellation
WARNING: Unmatched cancel notification for request id 610
Mar 05, 2026 3:14:05 PM org.eclipse.lsp4j.jsonrpc.RemoteEndpoint handleCancellation
WARNING: Unmatched cancel notification for request id 620
Mar 05, 2026 3:14:07 PM org.eclipse.lsp4j.jsonrpc.RemoteEndpoint handleCancellation
WARNING: Unmatched cancel notification for request id 630
Mar 05, 2026 3:14:08 PM org.eclipse.lsp4j.jsonrpc.RemoteEndpoint handleCancellation
WARNING: Unmatched cancel notification for request id 640
Mar 05, 2026 3:14:09 PM org.eclipse.lsp4j.jsonrpc.RemoteEndpoint handleCancellation
WARNING: Unmatched cancel notification for request id 646
Mar 05, 2026 3:14:10 PM org.eclipse.lsp4j.jsonrpc.RemoteEndpoint handleCancellation
WARNING: Unmatched cancel notification for request id 650
Mar 05, 2026 3:14:13 PM org.eclipse.lsp4j.jsonrpc.RemoteEndpoint handleCancellation
WARNING: Unmatched cancel notification for request id 657
Mar 05, 2026 3:14:30 PM org.eclipse.lsp4j.jsonrpc.RemoteEndpoint handleCancellation
WARNING: Unmatched cancel notification for request id 718
2026.03.05 15:14:35 INFO  skipping build import with status 'Installed'[0m
2026.03.05 15:14:35 INFO  compiling root-3bit-computer (1 scala source)[0m
2026.03.05 15:14:35 INFO  time: compiled root-3bit-computer in 0.69s[0m
Mar 05, 2026 3:14:56 PM org.eclipse.lsp4j.jsonrpc.RemoteEndpoint handleCancellation
WARNING: Unmatched cancel notification for request id 858
Mar 05, 2026 3:14:56 PM org.eclipse.lsp4j.jsonrpc.RemoteEndpoint handleCancellation
WARNING: Unmatched cancel notification for request id 861
2026.03.05 15:15:06 INFO  compiling root-3bit-computer (1 scala source)[0m
2026.03.05 15:15:06 INFO  skipping build import with status 'Installed'[0m
2026.03.05 15:15:06 INFO  time: compiled root-3bit-computer in 0.1s[0m
2026.03.05 15:15:06 INFO  compiling root-3bit-computer (1 scala source)[0m
2026.03.05 15:15:06 INFO  time: compiled root-3bit-computer in 77ms[0m
Mar 05, 2026 3:15:07 PM org.eclipse.lsp4j.jsonrpc.RemoteEndpoint handleCancellation
WARNING: Unmatched cancel notification for request id 944
Mar 05, 2026 3:15:11 PM org.eclipse.lsp4j.jsonrpc.RemoteEndpoint handleCancellation
WARNING: Unmatched cancel notification for request id 956
2026.03.05 15:15:13 INFO  compiling root-3bit-computer (1 scala source)[0m
2026.03.05 15:15:13 INFO  time: compiled root-3bit-computer in 46ms[0m
Mar 05, 2026 3:15:21 PM org.eclipse.lsp4j.jsonrpc.RemoteEndpoint handleCancellation
WARNING: Unmatched cancel notification for request id 1039
Mar 05, 2026 3:15:21 PM org.eclipse.lsp4j.jsonrpc.RemoteEndpoint handleCancellation
WARNING: Unmatched cancel notification for request id 1041
2026.03.05 15:15:25 INFO  skipping build import with status 'Installed'[0m
2026.03.05 15:15:25 INFO  compiling root-3bit-computer (1 scala source)[0m
2026.03.05 15:15:25 INFO  time: compiled root-3bit-computer in 0.29s[0m
2026.03.05 15:16:09 WARN  Could not find semantic tokens for: file:///home/arthurj/random/leetcode/3bit-computer/Parser.scala[0m
2026.03.05 15:16:11 WARN  Could not find semantic tokens for: file:///home/arthurj/random/leetcode/3bit-computer/Parser.scala[0m
2026.03.05 15:16:11 WARN  Could not find semantic tokens for: file:///home/arthurj/random/leetcode/3bit-computer/Parser.scala[0m
2026.03.05 15:16:13 WARN  Could not find semantic tokens for: file:///home/arthurj/random/leetcode/3bit-computer/Parser.scala[0m
Mar 05, 2026 3:16:26 PM org.eclipse.lsp4j.jsonrpc.RemoteEndpoint handleCancellation
WARNING: Unmatched cancel notification for request id 1172
Mar 05, 2026 3:16:26 PM org.eclipse.lsp4j.jsonrpc.RemoteEndpoint handleCancellation
WARNING: Unmatched cancel notification for request id 1175
2026.03.05 15:16:32 INFO  skipping build import with status 'Installed'[0m
2026.03.05 15:16:32 INFO  compiling root-3bit-computer (1 scala source)[0m
2026.03.05 15:16:32 INFO  time: compiled root-3bit-computer in 43ms[0m
Mar 05, 2026 3:16:33 PM org.eclipse.lsp4j.jsonrpc.RemoteEndpoint handleCancellation
WARNING: Unmatched cancel notification for request id 1222
Mar 05, 2026 3:16:35 PM org.eclipse.lsp4j.jsonrpc.RemoteEndpoint handleCancellation
WARNING: Unmatched cancel notification for request id 1229
2026.03.05 15:16:35 INFO  compiling root-3bit-computer (1 scala source)[0m
2026.03.05 15:16:35 INFO  time: compiled root-3bit-computer in 30ms[0m
Mar 05, 2026 3:16:36 PM org.eclipse.lsp4j.jsonrpc.RemoteEndpoint handleCancellation
WARNING: Unmatched cancel notification for request id 1235
Mar 05, 2026 3:18:07 PM org.eclipse.lsp4j.jsonrpc.RemoteEndpoint handleCancellation
WARNING: Unmatched cancel notification for request id 1239
Mar 05, 2026 3:18:08 PM org.eclipse.lsp4j.jsonrpc.RemoteEndpoint handleCancellation
WARNING: Unmatched cancel notification for request id 1247
Mar 05, 2026 3:18:14 PM org.eclipse.lsp4j.jsonrpc.RemoteEndpoint handleCancellation
WARNING: Unmatched cancel notification for request id 1270
Mar 05, 2026 3:18:15 PM org.eclipse.lsp4j.jsonrpc.RemoteEndpoint handleCancellation
WARNING: Unmatched cancel notification for request id 1274
Mar 05, 2026 3:18:16 PM org.eclipse.lsp4j.jsonrpc.RemoteEndpoint handleCancellation
WARNING: Unmatched cancel notification for request id 1281
Mar 05, 2026 3:18:19 PM org.eclipse.lsp4j.jsonrpc.RemoteEndpoint handleCancellation
WARNING: Unmatched cancel notification for request id 1311
Mar 05, 2026 3:18:19 PM org.eclipse.lsp4j.jsonrpc.RemoteEndpoint handleCancellation
WARNING: Unmatched cancel notification for request id 1315
2026.03.05 15:18:34 INFO  skipping build import with status 'Installed'[0m
2026.03.05 15:18:34 INFO  compiling root-3bit-computer (1 scala source)[0m
2026.03.05 15:18:34 INFO  time: compiled root-3bit-computer in 64ms[0m
Mar 05, 2026 3:18:55 PM org.eclipse.lsp4j.jsonrpc.RemoteEndpoint handleCancellation
WARNING: Unmatched cancel notification for request id 1383
Mar 05, 2026 3:18:55 PM org.eclipse.lsp4j.jsonrpc.RemoteEndpoint handleCancellation
WARNING: Unmatched cancel notification for request id 1384
2026.03.05 15:18:55 INFO  compiling root-3bit-computer (1 scala source)[0m
2026.03.05 15:18:55 INFO  time: compiled root-3bit-computer in 44ms[0m
2026.03.05 15:18:58 INFO  skipping build import with status 'Installed'[0m
2026.03.05 15:18:58 INFO  compiling root-3bit-computer (1 scala source)[0m
2026.03.05 15:18:58 INFO  time: compiled root-3bit-computer in 0.24s[0m
Mar 05, 2026 3:19:03 PM org.eclipse.lsp4j.jsonrpc.RemoteEndpoint handleCancellation
WARNING: Unmatched cancel notification for request id 1433
Mar 05, 2026 3:19:03 PM org.eclipse.lsp4j.jsonrpc.RemoteEndpoint handleCancellation
WARNING: Unmatched cancel notification for request id 1435
Mar 05, 2026 3:19:31 PM org.eclipse.lsp4j.jsonrpc.RemoteEndpoint handleCancellation
WARNING: Unmatched cancel notification for request id 1497
Mar 05, 2026 3:19:42 PM org.eclipse.lsp4j.jsonrpc.RemoteEndpoint handleCancellation
WARNING: Unmatched cancel notification for request id 1515
Mar 05, 2026 3:19:43 PM org.eclipse.lsp4j.jsonrpc.RemoteEndpoint handleCancellation
WARNING: Unmatched cancel notification for request id 1520
2026.03.05 15:19:52 INFO  compiling root-3bit-computer (1 scala source)[0m
2026.03.05 15:19:52 INFO  skipping build import with status 'Installed'[0m
2026.03.05 15:19:52 INFO  time: compiled root-3bit-computer in 0.35s[0m
2026.03.05 15:19:52 INFO  compiling root-3bit-computer (1 scala source)[0m
2026.03.05 15:19:52 INFO  time: compiled root-3bit-computer in 0.24s[0m
Mar 05, 2026 3:19:53 PM org.eclipse.lsp4j.jsonrpc.RemoteEndpoint handleCancellation
WARNING: Unmatched cancel notification for request id 1541
2026.03.05 15:19:53 INFO  compiling root-3bit-computer (1 scala source)[0m
2026.03.05 15:19:53 INFO  time: compiled root-3bit-computer in 0.18s[0m
Mar 05, 2026 3:19:54 PM org.eclipse.lsp4j.jsonrpc.RemoteEndpoint handleCancellation
WARNING: Unmatched cancel notification for request id 1556
Mar 05, 2026 3:19:56 PM org.eclipse.lsp4j.jsonrpc.RemoteEndpoint handleCancellation
WARNING: Unmatched cancel notification for request id 1562
2026.03.05 15:19:56 INFO  skipping build import with status 'Installed'[0m
2026.03.05 15:19:56 INFO  compiling root-3bit-computer (1 scala source)[0m
2026.03.05 15:19:56 INFO  time: compiled root-3bit-computer in 0.14s[0m
Mar 05, 2026 3:19:56 PM org.eclipse.lsp4j.jsonrpc.RemoteEndpoint handleCancellation
WARNING: Unmatched cancel notification for request id 1578
2026.03.05 15:19:57 INFO  compiling root-3bit-computer (1 scala source)[0m
2026.03.05 15:19:57 INFO  skipping build import with status 'Installed'[0m
2026.03.05 15:19:57 INFO  time: compiled root-3bit-computer in 0.13s[0m
2026.03.05 15:19:57 INFO  compiling root-3bit-computer (1 scala source)[0m
2026.03.05 15:19:57 INFO  time: compiled root-3bit-computer in 0.15s[0m
Mar 05, 2026 3:19:59 PM org.eclipse.lsp4j.jsonrpc.RemoteEndpoint handleCancellation
WARNING: Unmatched cancel notification for request id 1584
2026.03.05 15:19:59 INFO  compiling root-3bit-computer (1 scala source)[0m
2026.03.05 15:19:59 INFO  time: compiled root-3bit-computer in 0.14s[0m
2026.03.05 15:20:07 INFO  skipping build import with status 'Installed'[0m
2026.03.05 15:20:07 INFO  compiling root-3bit-computer (1 scala source)[0m
2026.03.05 15:20:07 INFO  time: compiled root-3bit-computer in 51ms[0m
Mar 05, 2026 3:20:10 PM org.eclipse.lsp4j.jsonrpc.RemoteEndpoint handleCancellation
WARNING: Unmatched cancel notification for request id 1662
2026.03.05 15:20:12 INFO  compiling root-3bit-computer (1 scala source)[0m
2026.03.05 15:20:12 INFO  skipping build import with status 'Installed'[0m
2026.03.05 15:20:12 INFO  time: compiled root-3bit-computer in 0.12s[0m
2026.03.05 15:20:12 INFO  compiling root-3bit-computer (1 scala source)[0m
2026.03.05 15:20:12 INFO  time: compiled root-3bit-computer in 0.15s[0m
Mar 05, 2026 3:20:16 PM org.eclipse.lsp4j.jsonrpc.RemoteEndpoint handleCancellation
WARNING: Unmatched cancel notification for request id 1689
Mar 05, 2026 3:20:16 PM org.eclipse.lsp4j.jsonrpc.RemoteEndpoint handleCancellation
WARNING: Unmatched cancel notification for request id 1693
2026.03.05 15:20:16 INFO  compiling root-3bit-computer (1 scala source)[0m
2026.03.05 15:20:16 INFO  time: compiled root-3bit-computer in 0.12s[0m
Mar 05, 2026 3:20:22 PM org.eclipse.lsp4j.jsonrpc.RemoteEndpoint handleCancellation
WARNING: Unmatched cancel notification for request id 1718
2026.03.05 15:20:23 INFO  skipping build import with status 'Installed'[0m
2026.03.05 15:20:23 INFO  compiling root-3bit-computer (1 scala source)[0m
2026.03.05 15:20:23 INFO  time: compiled root-3bit-computer in 0.11s[0m
Mar 05, 2026 3:20:27 PM org.eclipse.lsp4j.jsonrpc.RemoteEndpoint handleCancellation
WARNING: Unmatched cancel notification for request id 1725
Mar 05, 2026 3:20:29 PM org.eclipse.lsp4j.jsonrpc.RemoteEndpoint handleCancellation
WARNING: Unmatched cancel notification for request id 1732
2026.03.05 15:20:29 INFO  compiling root-3bit-computer (1 scala source)[0m
2026.03.05 15:20:29 INFO  time: compiled root-3bit-computer in 0.12s[0m
Mar 05, 2026 3:20:32 PM org.eclipse.lsp4j.jsonrpc.RemoteEndpoint handleCancellation
WARNING: Unmatched cancel notification for request id 1740
Mar 05, 2026 3:20:34 PM org.eclipse.lsp4j.jsonrpc.RemoteEndpoint handleCancellation
WARNING: Unmatched cancel notification for request id 1769
2026.03.05 15:20:35 INFO  skipping build import with status 'Installed'[0m
2026.03.05 15:20:35 INFO  compiling root-3bit-computer (1 scala source)[0m
2026.03.05 15:20:35 INFO  time: compiled root-3bit-computer in 0.1s[0m
Mar 05, 2026 3:20:43 PM org.eclipse.lsp4j.jsonrpc.RemoteEndpoint handleCancellation
WARNING: Unmatched cancel notification for request id 1826
Mar 05, 2026 3:20:43 PM org.eclipse.lsp4j.jsonrpc.RemoteEndpoint handleCancellation
WARNING: Unmatched cancel notification for request id 1829
Mar 05, 2026 3:20:47 PM org.eclipse.lsp4j.jsonrpc.RemoteEndpoint handleCancellation
WARNING: Unmatched cancel notification for request id 1864
2026.03.05 15:20:48 INFO  compiling root-3bit-computer (1 scala source)[0m
2026.03.05 15:20:48 INFO  skipping build import with status 'Installed'[0m
2026.03.05 15:20:48 INFO  time: compiled root-3bit-computer in 63ms[0m
2026.03.05 15:20:48 INFO  compiling root-3bit-computer (1 scala source)[0m
2026.03.05 15:20:48 INFO  time: compiled root-3bit-computer in 30ms[0m
Mar 05, 2026 3:20:49 PM org.eclipse.lsp4j.jsonrpc.RemoteEndpoint handleCancellation
WARNING: Unmatched cancel notification for request id 1874
2026.03.05 15:20:48 INFO  compiling root-3bit-computer (1 scala source)[0m
2026.03.05 15:20:48 INFO  time: compiled root-3bit-computer in 28ms[0m
Mar 05, 2026 3:21:01 PM org.eclipse.lsp4j.jsonrpc.RemoteEndpoint handleCancellation
WARNING: Unmatched cancel notification for request id 1886
Mar 05, 2026 3:21:43 PM org.eclipse.lsp4j.jsonrpc.RemoteEndpoint handleCancellation
WARNING: Unmatched cancel notification for request id 1938
2026.03.05 15:21:44 INFO  skipping build import with status 'Installed'[0m
2026.03.05 15:21:44 INFO  compiling root-3bit-computer (1 scala source)[0m
2026.03.05 15:21:44 INFO  time: compiled root-3bit-computer in 0.18s[0m
Mar 05, 2026 3:21:44 PM org.eclipse.lsp4j.jsonrpc.RemoteEndpoint handleCancellation
WARNING: Unmatched cancel notification for request id 1945
Mar 05, 2026 3:21:46 PM org.eclipse.lsp4j.jsonrpc.RemoteEndpoint handleCancellation
WARNING: Unmatched cancel notification for request id 1959
2026.03.05 15:21:47 INFO  compiling root-3bit-computer (1 scala source)[0m
2026.03.05 15:21:47 INFO  skipping build import with status 'Installed'[0m
2026.03.05 15:21:47 INFO  time: compiled root-3bit-computer in 0.16s[0m
2026.03.05 15:21:47 INFO  compiling root-3bit-computer (1 scala source)[0m
2026.03.05 15:21:47 INFO  time: compiled root-3bit-computer in 0.14s[0m
Mar 05, 2026 3:21:55 PM org.eclipse.lsp4j.jsonrpc.RemoteEndpoint handleCancellation
WARNING: Unmatched cancel notification for request id 1968
2026.03.05 15:21:55 INFO  compiling root-3bit-computer (1 scala source)[0m
2026.03.05 15:21:55 INFO  time: compiled root-3bit-computer in 0.11s[0m
Mar 05, 2026 3:21:57 PM org.eclipse.lsp4j.jsonrpc.RemoteEndpoint handleCancellation
WARNING: Unmatched cancel notification for request id 1984
2026.03.05 15:21:58 INFO  skipping build import with status 'Installed'[0m
2026.03.05 15:21:58 INFO  compiling root-3bit-computer (1 scala source)[0m
2026.03.05 15:21:58 INFO  time: compiled root-3bit-computer in 0.13s[0m
Mar 05, 2026 3:22:05 PM org.eclipse.lsp4j.jsonrpc.RemoteEndpoint handleCancellation
WARNING: Unmatched cancel notification for request id 2024
2026.03.05 15:22:06 INFO  compiling root-3bit-computer (1 scala source)[0m
2026.03.05 15:22:06 INFO  skipping build import with status 'Installed'[0m
2026.03.05 15:22:06 INFO  time: compiled root-3bit-computer in 64ms[0m
2026.03.05 15:22:06 INFO  compiling root-3bit-computer (1 scala source)[0m
2026.03.05 15:22:06 INFO  time: compiled root-3bit-computer in 28ms[0m
Mar 05, 2026 3:22:09 PM org.eclipse.lsp4j.jsonrpc.RemoteEndpoint handleCancellation
WARNING: Unmatched cancel notification for request id 2033
Mar 05, 2026 3:22:17 PM org.eclipse.lsp4j.jsonrpc.RemoteEndpoint handleCancellation
WARNING: Unmatched cancel notification for request id 2065
Mar 05, 2026 3:22:18 PM org.eclipse.lsp4j.jsonrpc.RemoteEndpoint handleCancellation
WARNING: Unmatched cancel notification for request id 2067
Mar 05, 2026 3:22:21 PM org.eclipse.lsp4j.jsonrpc.RemoteEndpoint handleCancellation
WARNING: Unmatched cancel notification for request id 2071
2026.03.05 15:22:22 INFO  compiling root-3bit-computer (1 scala source)[0m
2026.03.05 15:22:22 INFO  time: compiled root-3bit-computer in 0.13s[0m
Mar 05, 2026 3:22:26 PM org.eclipse.lsp4j.jsonrpc.RemoteEndpoint handleCancellation
WARNING: Unmatched cancel notification for request id 2076
2026.03.05 15:22:29 INFO  skipping build import with status 'Installed'[0m
2026.03.05 15:22:29 INFO  compiling root-3bit-computer (1 scala source)[0m
2026.03.05 15:22:29 INFO  time: compiled root-3bit-computer in 0.1s[0m
Mar 05, 2026 3:22:39 PM org.eclipse.lsp4j.jsonrpc.RemoteEndpoint handleCancellation
WARNING: Unmatched cancel notification for request id 2144
2026.03.05 15:22:40 INFO  compiling root-3bit-computer (1 scala source)[0m
2026.03.05 15:22:40 INFO  skipping build import with status 'Installed'[0m
2026.03.05 15:22:40 INFO  time: compiled root-3bit-computer in 0.13s[0m
2026.03.05 15:22:40 INFO  compiling root-3bit-computer (1 scala source)[0m
2026.03.05 15:22:40 INFO  time: compiled root-3bit-computer in 0.14s[0m
Mar 05, 2026 3:22:42 PM org.eclipse.lsp4j.jsonrpc.RemoteEndpoint handleCancellation
WARNING: Unmatched cancel notification for request id 2148
2026.03.05 15:22:42 INFO  compiling root-3bit-computer (1 scala source)[0m
2026.03.05 15:22:42 INFO  time: compiled root-3bit-computer in 0.13s[0m
2026.03.05 15:22:44 INFO  skipping build import with status 'Installed'[0m
2026.03.05 15:22:44 INFO  compiling root-3bit-computer (1 scala source)[0m
2026.03.05 15:22:44 INFO  time: compiled root-3bit-computer in 0.14s[0m
Mar 05, 2026 3:22:46 PM org.eclipse.lsp4j.jsonrpc.RemoteEndpoint handleCancellation
WARNING: Unmatched cancel notification for request id 2166
2026.03.05 15:22:46 INFO  compiling root-3bit-computer (1 scala source)[0m
2026.03.05 15:22:46 INFO  time: compiled root-3bit-computer in 0.13s[0m
Exception in thread "pool-23-thread-1" java.lang.InterruptedException
	at scala.meta.internal.metals.FutureCancelToken.checkCanceled(FutureCancelToken.scala:29)
	at scala.meta.internal.pc.CompilerAccess.onCompilerJobQueue$$anonfun$1(CompilerAccess.scala:207)
	at scala.meta.internal.pc.CompilerJobQueue$Job.run(CompilerJobQueue.scala:152)
	at java.base/java.util.concurrent.ThreadPoolExecutor.runWorker(ThreadPoolExecutor.java:1144)
	at java.base/java.util.concurrent.ThreadPoolExecutor$Worker.run(ThreadPoolExecutor.java:642)
	at java.base/java.lang.Thread.run(Thread.java:1583)
2026.03.05 15:22:50 INFO  skipping build import with status 'Installed'[0m
2026.03.05 15:22:50 INFO  compiling root-3bit-computer (1 scala source)[0m
2026.03.05 15:22:50 INFO  time: compiled root-3bit-computer in 0.13s[0m
2026.03.05 15:23:03 INFO  compiling root-3bit-computer (1 scala source)[0m
2026.03.05 15:23:03 INFO  skipping build import with status 'Installed'[0m
2026.03.05 15:23:03 INFO  time: compiled root-3bit-computer in 0.1s[0m
2026.03.05 15:23:03 INFO  compiling root-3bit-computer (1 scala source)[0m
2026.03.05 15:23:03 INFO  time: compiled root-3bit-computer in 94ms[0m
Mar 05, 2026 3:23:21 PM org.eclipse.lsp4j.jsonrpc.RemoteEndpoint handleCancellation
WARNING: Unmatched cancel notification for request id 2310
2026.03.05 15:23:22 INFO  compiling root-3bit-computer (1 scala source)[0m
2026.03.05 15:23:22 INFO  skipping build import with status 'Installed'[0m
2026.03.05 15:23:22 INFO  time: compiled root-3bit-computer in 0.12s[0m
2026.03.05 15:23:22 INFO  compiling root-3bit-computer (1 scala source)[0m
2026.03.05 15:23:22 INFO  time: compiled root-3bit-computer in 98ms[0m
Mar 05, 2026 3:23:25 PM org.eclipse.lsp4j.jsonrpc.RemoteEndpoint handleCancellation
WARNING: Unmatched cancel notification for request id 2314
Mar 05, 2026 3:23:26 PM org.eclipse.lsp4j.jsonrpc.RemoteEndpoint handleCancellation
WARNING: Unmatched cancel notification for request id 2316
Mar 05, 2026 3:23:27 PM org.eclipse.lsp4j.jsonrpc.RemoteEndpoint handleCancellation
WARNING: Unmatched cancel notification for request id 2322
2026.03.05 15:23:27 INFO  compiling root-3bit-computer (1 scala source)[0m
2026.03.05 15:23:27 INFO  time: compiled root-3bit-computer in 0.15s[0m
Mar 05, 2026 3:23:31 PM org.eclipse.lsp4j.jsonrpc.RemoteEndpoint handleCancellation
WARNING: Unmatched cancel notification for request id 2342
2026.03.05 15:23:32 INFO  skipping build import with status 'Installed'[0m
2026.03.05 15:23:32 INFO  compiling root-3bit-computer (1 scala source)[0m
2026.03.05 15:23:32 INFO  time: compiled root-3bit-computer in 95ms[0m
Mar 05, 2026 3:23:34 PM org.eclipse.lsp4j.jsonrpc.RemoteEndpoint handleCancellation
WARNING: Unmatched cancel notification for request id 2361
2026.03.05 15:23:38 INFO  compiling root-3bit-computer (1 scala source)[0m
2026.03.05 15:23:38 INFO  skipping build import with status 'Installed'[0m
2026.03.05 15:23:38 INFO  time: compiled root-3bit-computer in 0.1s[0m
2026.03.05 15:23:38 INFO  compiling root-3bit-computer (1 scala source)[0m
2026.03.05 15:23:38 INFO  time: compiled root-3bit-computer in 0.1s[0m
Mar 05, 2026 3:23:42 PM org.eclipse.lsp4j.jsonrpc.RemoteEndpoint handleCancellation
WARNING: Unmatched cancel notification for request id 2402
2026.03.05 15:23:42 INFO  compiling root-3bit-computer (1 scala source)[0m
2026.03.05 15:23:42 INFO  time: compiled root-3bit-computer in 0.14s[0m
2026.03.05 15:23:46 INFO  skipping build import with status 'Installed'[0m
2026.03.05 15:23:46 INFO  compiling root-3bit-computer (1 scala source)[0m
2026.03.05 15:23:46 INFO  time: compiled root-3bit-computer in 0.1s[0m
Mar 05, 2026 3:23:47 PM org.eclipse.lsp4j.jsonrpc.RemoteEndpoint handleCancellation
WARNING: Unmatched cancel notification for request id 2423
2026.03.05 15:23:46 INFO  compiling root-3bit-computer (1 scala source)[0m
2026.03.05 15:23:46 INFO  time: compiled root-3bit-computer in 0.12s[0m
Mar 05, 2026 3:23:48 PM org.eclipse.lsp4j.jsonrpc.RemoteEndpoint handleCancellation
WARNING: Unmatched cancel notification for request id 2427
Mar 05, 2026 3:23:49 PM org.eclipse.lsp4j.jsonrpc.RemoteEndpoint handleCancellation
WARNING: Unmatched cancel notification for request id 2429
2026.03.05 15:23:55 INFO  skipping build import with status 'Installed'[0m
2026.03.05 15:23:55 INFO  compiling root-3bit-computer (1 scala source)[0m
2026.03.05 15:23:55 INFO  time: compiled root-3bit-computer in 0.1s[0m
Mar 05, 2026 3:23:56 PM org.eclipse.lsp4j.jsonrpc.RemoteEndpoint handleCancellation
WARNING: Unmatched cancel notification for request id 2441
2026.03.05 15:23:56 INFO  compiling root-3bit-computer (1 scala source)[0m
2026.03.05 15:23:56 INFO  time: compiled root-3bit-computer in 97ms[0m
Mar 05, 2026 3:23:57 PM org.eclipse.lsp4j.jsonrpc.RemoteEndpoint handleCancellation
WARNING: Unmatched cancel notification for request id 2448
Mar 05, 2026 3:24:01 PM org.eclipse.lsp4j.jsonrpc.RemoteEndpoint handleCancellation
WARNING: Unmatched cancel notification for request id 2465
2026.03.05 15:24:02 INFO  skipping build import with status 'Installed'[0m
2026.03.05 15:24:02 INFO  compiling root-3bit-computer (1 scala source)[0m
2026.03.05 15:24:02 INFO  time: compiled root-3bit-computer in 97ms[0m
2026.03.05 15:24:10 INFO  compiling root-3bit-computer (1 scala source)[0m
2026.03.05 15:24:10 INFO  time: compiled root-3bit-computer in 0.14s[0m
Mar 05, 2026 3:24:17 PM org.eclipse.lsp4j.jsonrpc.RemoteEndpoint handleCancellation
WARNING: Unmatched cancel notification for request id 2482
2026.03.05 15:24:23 INFO  skipping build import with status 'Installed'[0m
2026.03.05 15:24:23 INFO  compiling root-3bit-computer (1 scala source)[0m
2026.03.05 15:24:23 INFO  time: compiled root-3bit-computer in 0.12s[0m
Mar 05, 2026 3:24:31 PM org.eclipse.lsp4j.jsonrpc.RemoteEndpoint handleCancellation
WARNING: Unmatched cancel notification for request id 2522
Mar 05, 2026 3:24:31 PM org.eclipse.lsp4j.jsonrpc.RemoteEndpoint handleCancellation
WARNING: Unmatched cancel notification for request id 2523
2026.03.05 15:24:31 INFO  compiling root-3bit-computer (1 scala source)[0m
2026.03.05 15:24:31 INFO  time: compiled root-3bit-computer in 0.12s[0m
Mar 05, 2026 3:24:33 PM org.eclipse.lsp4j.jsonrpc.RemoteEndpoint handleCancellation
WARNING: Unmatched cancel notification for request id 2538
Mar 05, 2026 3:24:33 PM org.eclipse.lsp4j.jsonrpc.RemoteEndpoint handleCancellation
WARNING: Unmatched cancel notification for request id 2542
Mar 05, 2026 3:24:35 PM org.eclipse.lsp4j.jsonrpc.RemoteEndpoint handleCancellation
WARNING: Unmatched cancel notification for request id 2565
2026.03.05 15:24:36 INFO  skipping build import with status 'Installed'[0m
2026.03.05 15:24:36 INFO  compiling root-3bit-computer (1 scala source)[0m
2026.03.05 15:24:36 INFO  time: compiled root-3bit-computer in 42ms[0m
2026.03.05 15:24:40 INFO  compiling root-3bit-computer (1 scala source)[0m
2026.03.05 15:24:40 INFO  time: compiled root-3bit-computer in 87ms[0m
Mar 05, 2026 3:24:45 PM org.eclipse.lsp4j.jsonrpc.RemoteEndpoint handleCancellation
WARNING: Unmatched cancel notification for request id 2591
Mar 05, 2026 3:24:46 PM org.eclipse.lsp4j.jsonrpc.RemoteEndpoint handleCancellation
WARNING: Unmatched cancel notification for request id 2607
Mar 05, 2026 3:24:46 PM org.eclipse.lsp4j.jsonrpc.RemoteEndpoint handleCancellation
WARNING: Unmatched cancel notification for request id 2613
Mar 05, 2026 3:24:48 PM org.eclipse.lsp4j.jsonrpc.RemoteEndpoint handleCancellation
WARNING: Unmatched cancel notification for request id 2628
2026.03.05 15:24:49 INFO  skipping build import with status 'Installed'[0m
2026.03.05 15:24:49 INFO  compiling root-3bit-computer (1 scala source)[0m
2026.03.05 15:24:49 INFO  time: compiled root-3bit-computer in 0.12s[0m
Mar 05, 2026 3:24:56 PM org.eclipse.lsp4j.jsonrpc.RemoteEndpoint handleCancellation
WARNING: Unmatched cancel notification for request id 2637
2026.03.05 15:24:57 INFO  compiling root-3bit-computer (1 scala source)[0m
2026.03.05 15:24:57 INFO  time: compiled root-3bit-computer in 0.12s[0m
Mar 05, 2026 3:24:58 PM org.eclipse.lsp4j.jsonrpc.RemoteEndpoint handleCancellation
WARNING: Unmatched cancel notification for request id 2645
2026.03.05 15:25:03 INFO  skipping build import with status 'Installed'[0m
2026.03.05 15:25:03 INFO  compiling root-3bit-computer (1 scala source)[0m
2026.03.05 15:25:03 INFO  time: compiled root-3bit-computer in 0.12s[0m
Mar 05, 2026 3:25:05 PM org.eclipse.lsp4j.jsonrpc.RemoteEndpoint handleCancellation
WARNING: Unmatched cancel notification for request id 2656
2026.03.05 15:25:06 INFO  compiling root-3bit-computer (1 scala source)[0m
2026.03.05 15:25:06 INFO  skipping build import with status 'Installed'[0m
2026.03.05 15:25:06 INFO  time: compiled root-3bit-computer in 0.13s[0m
2026.03.05 15:25:06 INFO  compiling root-3bit-computer (1 scala source)[0m
2026.03.05 15:25:06 INFO  time: compiled root-3bit-computer in 0.11s[0m
Mar 05, 2026 3:25:14 PM org.eclipse.lsp4j.jsonrpc.RemoteEndpoint handleCancellation
WARNING: Unmatched cancel notification for request id 2664
Mar 05, 2026 3:25:16 PM org.eclipse.lsp4j.jsonrpc.RemoteEndpoint handleCancellation
WARNING: Unmatched cancel notification for request id 2677
2026.03.05 15:25:17 INFO  compiling root-3bit-computer (1 scala source)[0m
2026.03.05 15:25:17 INFO  skipping build import with status 'Installed'[0m
2026.03.05 15:25:17 INFO  time: compiled root-3bit-computer in 0.19s[0m
Mar 05, 2026 3:25:18 PM org.eclipse.lsp4j.jsonrpc.RemoteEndpoint handleCancellation
WARNING: Unmatched cancel notification for request id 2681
2026.03.05 15:25:19 INFO  compiling root-3bit-computer (1 scala source)[0m
2026.03.05 15:25:19 INFO  time: compiled root-3bit-computer in 0.11s[0m
2026.03.05 15:25:24 INFO  skipping build import with status 'Installed'[0m
2026.03.05 15:25:24 INFO  compiling root-3bit-computer (1 scala source)[0m
2026.03.05 15:25:24 INFO  time: compiled root-3bit-computer in 0.11s[0m
2026.03.05 15:25:24 INFO  compiling root-3bit-computer (1 scala source)[0m
2026.03.05 15:25:25 INFO  skipping build import with status 'Installed'[0m
2026.03.05 15:25:25 INFO  time: compiled root-3bit-computer in 98ms[0m
2026.03.05 15:25:25 INFO  compiling root-3bit-computer (1 scala source)[0m
2026.03.05 15:25:26 INFO  skipping build import with status 'Installed'[0m
2026.03.05 15:25:25 INFO  time: compiled root-3bit-computer in 0.13s[0m
2026.03.05 15:25:26 INFO  compiling root-3bit-computer (1 scala source)[0m
2026.03.05 15:25:26 INFO  skipping build import with status 'Installed'[0m
2026.03.05 15:25:26 INFO  time: compiled root-3bit-computer in 0.16s[0m
2026.03.05 15:25:27 INFO  compiling root-3bit-computer (1 scala source)[0m
2026.03.05 15:25:27 INFO  skipping build import with status 'Installed'[0m
2026.03.05 15:25:27 INFO  time: compiled root-3bit-computer in 0.1s[0m
2026.03.05 15:25:30 INFO  compiling root-3bit-computer (1 scala source)[0m
2026.03.05 15:25:30 INFO  skipping build import with status 'Installed'[0m
2026.03.05 15:25:30 INFO  time: compiled root-3bit-computer in 85ms[0m
Mar 05, 2026 3:25:30 PM org.eclipse.lsp4j.jsonrpc.RemoteEndpoint handleCancellation
WARNING: Unmatched cancel notification for request id 2755
2026.03.05 15:25:30 INFO  compiling root-3bit-computer (1 scala source)[0m
2026.03.05 15:25:31 INFO  time: compiled root-3bit-computer in 87ms[0m
Mar 05, 2026 3:25:37 PM org.eclipse.lsp4j.jsonrpc.RemoteEndpoint handleCancellation
WARNING: Unmatched cancel notification for request id 2771
2026.03.05 15:25:39 INFO  skipping build import with status 'Installed'[0m
2026.03.05 15:25:39 INFO  compiling root-3bit-computer (1 scala source)[0m
2026.03.05 15:25:39 INFO  time: compiled root-3bit-computer in 94ms[0m
Mar 05, 2026 3:25:39 PM org.eclipse.lsp4j.jsonrpc.RemoteEndpoint handleCancellation
WARNING: Unmatched cancel notification for request id 2791
2026.03.05 15:25:39 INFO  compiling root-3bit-computer (1 scala source)[0m
2026.03.05 15:25:39 INFO  time: compiled root-3bit-computer in 93ms[0m
Mar 05, 2026 3:25:43 PM org.eclipse.lsp4j.jsonrpc.RemoteEndpoint handleCancellation
WARNING: Unmatched cancel notification for request id 2810
Mar 05, 2026 3:25:48 PM org.eclipse.lsp4j.jsonrpc.RemoteEndpoint handleCancellation
WARNING: Unmatched cancel notification for request id 2831
Mar 05, 2026 3:25:49 PM org.eclipse.lsp4j.jsonrpc.RemoteEndpoint handleCancellation
WARNING: Unmatched cancel notification for request id 2853
Mar 05, 2026 3:25:58 PM org.eclipse.lsp4j.jsonrpc.RemoteEndpoint handleCancellation
WARNING: Unmatched cancel notification for request id 2858
Mar 05, 2026 3:25:58 PM org.eclipse.lsp4j.jsonrpc.RemoteEndpoint handleCancellation
WARNING: Unmatched cancel notification for request id 2859
Mar 05, 2026 3:26:00 PM org.eclipse.lsp4j.jsonrpc.RemoteEndpoint handleCancellation
WARNING: Unmatched cancel notification for request id 2876
Mar 05, 2026 3:26:01 PM org.eclipse.lsp4j.jsonrpc.RemoteEndpoint handleCancellation
WARNING: Unmatched cancel notification for request id 2892
Mar 05, 2026 3:26:01 PM org.eclipse.lsp4j.jsonrpc.RemoteEndpoint handleCancellation
WARNING: Unmatched cancel notification for request id 2896
Mar 05, 2026 3:26:02 PM org.eclipse.lsp4j.jsonrpc.RemoteEndpoint handleCancellation
WARNING: Unmatched cancel notification for request id 2900
2026.03.05 15:26:04 INFO  skipping build import with status 'Installed'[0m
2026.03.05 15:26:04 INFO  compiling root-3bit-computer (1 scala source)[0m
2026.03.05 15:26:04 INFO  time: compiled root-3bit-computer in 87ms[0m
Mar 05, 2026 3:26:17 PM org.eclipse.lsp4j.jsonrpc.RemoteEndpoint handleCancellation
WARNING: Unmatched cancel notification for request id 2921
Mar 05, 2026 3:26:50 PM org.eclipse.lsp4j.jsonrpc.RemoteEndpoint handleCancellation
WARNING: Unmatched cancel notification for request id 3100
2026.03.05 15:26:51 INFO  compiling root-3bit-computer (1 scala source)[0m
2026.03.05 15:26:51 INFO  skipping build import with status 'Installed'[0m
2026.03.05 15:26:51 INFO  time: compiled root-3bit-computer in 0.12s[0m
Mar 05, 2026 3:28:00 PM org.eclipse.lsp4j.jsonrpc.RemoteEndpoint handleCancellation
WARNING: Unmatched cancel notification for request id 3109
2026.03.05 15:28:02 WARN  Could not find semantic tokens for: file:///home/arthurj/random/leetcode/3bit-computer/Interpreter.scala[0m
2026.03.05 15:28:06 WARN  Could not find semantic tokens for: file:///home/arthurj/random/leetcode/3bit-computer/Interpreter.scala[0m
2026.03.05 15:28:06 WARN  Could not find semantic tokens for: file:///home/arthurj/random/leetcode/3bit-computer/Interpreter.scala[0m
2026.03.05 15:28:07 WARN  Could not find semantic tokens for: file:///home/arthurj/random/leetcode/3bit-computer/Interpreter.scala[0m
2026.03.05 15:28:08 WARN  Could not find semantic tokens for: file:///home/arthurj/random/leetcode/3bit-computer/Interpreter.scala[0m
Mar 05, 2026 3:28:08 PM org.eclipse.lsp4j.jsonrpc.RemoteEndpoint handleCancellation
WARNING: Unmatched cancel notification for request id 3144
Mar 05, 2026 3:28:08 PM org.eclipse.lsp4j.jsonrpc.RemoteEndpoint handleCancellation
WARNING: Unmatched cancel notification for request id 3146
2026.03.05 15:28:08 WARN  Could not find semantic tokens for: file:///home/arthurj/random/leetcode/3bit-computer/Interpreter.scala[0m
2026.03.05 15:28:10 WARN  Could not find semantic tokens for: file:///home/arthurj/random/leetcode/3bit-computer/Interpreter.scala[0m
2026.03.05 15:28:11 WARN  Could not find semantic tokens for: file:///home/arthurj/random/leetcode/3bit-computer/Interpreter.scala[0m
2026.03.05 15:28:11 WARN  Could not find semantic tokens for: file:///home/arthurj/random/leetcode/3bit-computer/Interpreter.scala[0m
2026.03.05 15:28:12 WARN  Could not find semantic tokens for: file:///home/arthurj/random/leetcode/3bit-computer/Interpreter.scala[0m
2026.03.05 15:28:13 WARN  Could not find semantic tokens for: file:///home/arthurj/random/leetcode/3bit-computer/Interpreter.scala[0m
2026.03.05 15:28:14 WARN  Could not find semantic tokens for: file:///home/arthurj/random/leetcode/3bit-computer/Interpreter.scala[0m
2026.03.05 15:28:15 WARN  Could not find semantic tokens for: file:///home/arthurj/random/leetcode/3bit-computer/Interpreter.scala[0m
2026.03.05 15:28:15 WARN  Could not find semantic tokens for: file:///home/arthurj/random/leetcode/3bit-computer/Interpreter.scala[0m
2026.03.05 15:28:16 WARN  Could not find semantic tokens for: file:///home/arthurj/random/leetcode/3bit-computer/Interpreter.scala[0m
2026.03.05 15:28:17 WARN  Could not find semantic tokens for: file:///home/arthurj/random/leetcode/3bit-computer/Interpreter.scala[0m
2026.03.05 15:28:17 WARN  Could not find semantic tokens for: file:///home/arthurj/random/leetcode/3bit-computer/Interpreter.scala[0m
2026.03.05 15:28:18 WARN  Could not find semantic tokens for: file:///home/arthurj/random/leetcode/3bit-computer/Interpreter.scala[0m
Mar 05, 2026 3:28:18 PM org.eclipse.lsp4j.jsonrpc.RemoteEndpoint handleCancellation
WARNING: Unmatched cancel notification for request id 3223
Mar 05, 2026 3:28:19 PM org.eclipse.lsp4j.jsonrpc.RemoteEndpoint handleCancellation
WARNING: Unmatched cancel notification for request id 3228
2026.03.05 15:28:19 WARN  Could not find semantic tokens for: file:///home/arthurj/random/leetcode/3bit-computer/Interpreter.scala[0m
2026.03.05 15:28:19 WARN  Could not find semantic tokens for: file:///home/arthurj/random/leetcode/3bit-computer/Interpreter.scala[0m
2026.03.05 15:28:20 WARN  Could not find semantic tokens for: file:///home/arthurj/random/leetcode/3bit-computer/Interpreter.scala[0m
2026.03.05 15:28:20 WARN  Could not find semantic tokens for: file:///home/arthurj/random/leetcode/3bit-computer/Interpreter.scala[0m
Mar 05, 2026 3:28:20 PM org.eclipse.lsp4j.jsonrpc.RemoteEndpoint handleCancellation
WARNING: Unmatched cancel notification for request id 3241
2026.03.05 15:28:20 WARN  Could not find semantic tokens for: file:///home/arthurj/random/leetcode/3bit-computer/Interpreter.scala[0m
